13:32:19 znc http://www.freenode.net
13:32:19 znc http://www.fosscon.org
13:32:19 znc https://www.privateinternetaccess.com/
13:32:19 znc http://blog.freenode.net/2010/11/be-safe-out-there/
13:32:19 #chakra http://chakraos.org
13:32:19 #chakra http://rsync.chakraos.org
13:32:19 #chakra http://chakraos.org/forum/viewtopic.php?pid=80478#p80478
13:32:19 #chakra http://chakraos.org/forum/viewtopic.php?id=13100
13:32:49 znc http://www.bitlbee.org/
13:32:49 znc http://www.bitlbee.org/
13:33:29 jabber_oauth https://accounts.google.com/o/oauth2/auth?scope=https://www.googleapis.com/auth/googletalk&response_type=code&redirect_uri=urn:ietf:wg:oauth:2.0:oob&client_id=783993391592.apps.googleusercontent.com
13:38:31 jabber_oauth https://accounts.google.com/o/oauth2/auth?scope=https://www.googleapis.com/auth/googletalk&response_type=code&redirect_uri=urn:ietf:wg:oauth:2.0:oob&client_id=783993391592.apps.googleusercontent.com
13:39:36 jabber_oauth https://accounts.google.com/o/oauth2/auth?scope=https://www.googleapis.com/auth/googletalk&response_type=code&redirect_uri=urn:ietf:wg:oauth:2.0:oob&client_id=783993391592.apps.googleusercontent.com
13:40:12 jabber_oauth https://accounts.google.com/o/oauth2/auth?scope=https://www.googleapis.com/auth/googletalk&response_type=code&redirect_uri=urn:ietf:wg:oauth:2.0:oob&client_id=783993391592.apps.googleusercontent.com
13:41:22 jabber_oauth https://accounts.google.com/o/oauth2/auth?scope=https://www.googleapis.com/auth/googletalk&response_type=code&redirect_uri=urn:ietf:wg:oauth:2.0:oob&client_id=783993391592.apps.googleusercontent.com
14:06:03 &bitlbee http://wiki.bitlbee.org/.
14:06:03 &bitlbee http://bugs.bitlbee.org/.
14:58:03 znc http://www.freenode.net
14:58:03 znc http://www.fosscon.org
14:58:03 znc https://www.privateinternetaccess.com/
14:58:03 znc http://blog.freenode.net/2010/11/be-safe-out-there/
14:58:03 #chakra http://chakraos.org
14:58:03 #chakra http://rsync.chakraos.org
14:58:03 #chakra http://chakraos.org/forum/viewtopic.php?pid=80478#p80478
14:58:03 #chakra http://chakraos.org/forum/viewtopic.php?id=13100
14:58:03 #chakra https://groups.google.com/forum/#!topic/chakra-devel/_Mt451GzaOo
14:58:45 znc http://www.bitlbee.org/
14:58:45 znc http://www.bitlbee.org/
15:01:25 znc http://www.freenode.net
15:01:25 znc http://www.fosscon.org
15:01:25 znc https://www.privateinternetaccess.com/
15:01:25 znc http://blog.freenode.net/2010/11/be-safe-out-there/
15:01:25 #chakra http://chakraos.org
15:01:25 #chakra http://rsync.chakraos.org
15:01:25 #chakra http://chakraos.org/forum/viewtopic.php?pid=80478#p80478
15:01:25 #chakra http://chakraos.org/forum/viewtopic.php?id=13100
15:16:19 george2 https://github.com/fusionbox/django-authtools
15:16:57 george2 https://github.com/DArtagan/teetimer
19:02:31 znc http://www.freenode.net
19:02:31 znc http://www.fosscon.org
19:02:31 znc https://www.privateinternetaccess.com/
19:02:31 znc http://blog.freenode.net/2010/11/be-safe-out-there/
19:02:31 #chakra http://chakraos.org
19:02:31 #chakra http://rsync.chakraos.org
19:02:31 #chakra http://chakraos.org/forum/viewtopic.php?pid=80478#p80478
19:02:31 #chakra http://chakraos.org/forum/viewtopic.php?id=13100
19:02:31 #chakra https://groups.google.com/forum/#!topic/chakra-devel/_Mt451GzaOo
19:15:12 znc http://www.freenode.net
19:15:12 znc http://www.fosscon.org
19:15:12 znc https://www.privateinternetaccess.com/
19:15:12 znc http://blog.freenode.net/2010/11/be-safe-out-there/
19:15:12 #chakra http://chakraos.org
19:15:12 #chakra http://rsync.chakraos.org
19:15:12 #chakra http://chakraos.org/forum/viewtopic.php?pid=80478#p80478
19:15:12 #chakra http://chakraos.org/forum/viewtopic.php?id=13100
19:16:57 #freenode https://freenode.net/faq.shtml
19:16:57 #freenode https://freenode.net/poundfreenode.shtml
19:16:57 #freenode https://blog.freenode.net
19:16:57 #freenode http://freenode.net/poundfreenode.shtml
19:16:57 #freenode http://freenode.net/
20:04:12 znc http://www.freenode.net
20:04:12 znc http://www.fosscon.org
20:04:12 znc https://www.privateinternetaccess.com/
20:04:12 znc http://blog.freenode.net/2010/11/be-safe-out-there/
20:04:12 #chakra http://chakraos.org
20:04:12 #chakra http://rsync.chakraos.org
20:04:12 #chakra http://chakraos.org/forum/viewtopic.php?pid=80478#p80478
20:04:12 #chakra http://chakraos.org/forum/viewtopic.php?id=13100
20:07:15 znc http://www.bitlbee.org/
20:07:15 znc http://www.bitlbee.org/
20:17:11 znc http://www.freenode.net
20:17:11 znc http://www.fosscon.org
20:17:11 znc https://www.privateinternetaccess.com/
20:17:11 znc http://blog.freenode.net/2010/11/be-safe-out-there/
20:17:17 #chakra http://chakraos.org
20:17:17 #chakra http://rsync.chakraos.org
20:17:17 #chakra http://chakraos.org/forum/viewtopic.php?pid=80478#p80478
20:17:17 #chakra http://chakraos.org/forum/viewtopic.php?id=13100
20:23:14 znc http://www.freenode.net
20:23:14 znc http://www.fosscon.org
20:23:14 znc https://www.privateinternetaccess.com/
20:23:14 znc http://blog.freenode.net/2010/11/be-safe-out-there/
20:23:14 #chakra http://chakraos.org
20:23:14 #chakra http://rsync.chakraos.org
20:23:14 #chakra http://chakraos.org/forum/viewtopic.php?pid=80478#p80478
20:23:14 #chakra http://chakraos.org/forum/viewtopic.php?id=13100
20:24:38 bitlbee http://www.bitlbee.org/
20:24:38 bitlbee http://www.bitlbee.org/
20:26:12 #chakra http://chakraos.org
20:26:12 #chakra http://rsync.chakraos.org
20:26:12 #chakra http://chakraos.org/forum/viewtopic.php?pid=80478#p80478
20:26:12 #chakra http://chakraos.org/forum/viewtopic.php?id=13100
20:35:32 &bitlbee http://wiki.bitlbee.org/.
20:35:32 &bitlbee http://bugs.bitlbee.org/.
20:37:19 &bitlbee https://plus.google.com/108440062814250270778
20:39:43 &bitlbee http://wiki.bitlbee.org/.
20:39:43 &bitlbee http://bugs.bitlbee.org/.
20:44:25 &bitlbee http://wiki.bitlbee.org/.
20:44:25 &bitlbee http://bugs.bitlbee.org/.
20:44:52 jabber_oauth https://accounts.google.com/o/oauth2/auth?scope=https://www.googleapis.com/auth/googletalk&response_type=code&redirect_uri=urn:ietf:wg:oauth:2.0:oob&client_id=783993391592.apps.googleusercontent.com
20:59:40 &bitlbee http://wiki.bitlbee.org/.
20:59:40 &bitlbee http://bugs.bitlbee.org/.
21:06:48 jabber_oauth https://accounts.google.com/o/oauth2/auth?scope=https://www.googleapis.com/auth/googletalk&response_type=code&redirect_uri=urn:ietf:wg:oauth:2.0:oob&client_id=783993391592.apps.googleusercontent.com
21:12:31 znc http://www.freenode.net
21:12:31 znc http://www.fosscon.org
21:12:31 znc https://www.privateinternetaccess.com/
21:12:31 bitlbee http://www.bitlbee.org/
21:12:31 bitlbee http://www.bitlbee.org/
21:12:31 znc http://blog.freenode.net/2010/11/be-safe-out-there/
21:12:31 #chakra http://chakraos.org
21:12:31 #chakra http://rsync.chakraos.org
21:12:31 #chakra http://chakraos.org/forum/viewtopic.php?pid=80478#p80478
21:12:31 #chakra http://chakraos.org/forum/viewtopic.php?id=13100
21:38:59 znc http://www.freenode.net
21:38:59 znc http://www.fosscon.org
21:38:59 znc https://www.privateinternetaccess.com/
21:38:59 bitlbee http://www.bitlbee.org/
21:38:59 bitlbee http://www.bitlbee.org/
21:38:59 znc http://blog.freenode.net/2010/11/be-safe-out-there/
21:38:59 #chakra http://chakraos.org
21:38:59 #chakra http://rsync.chakraos.org
21:38:59 #chakra http://chakraos.org/forum/viewtopic.php?pid=80478#p80478
21:38:59 #chakra http://chakraos.org/forum/viewtopic.php?id=13100
21:40:46 bitlbee http://www.bitlbee.org/
21:40:46 bitlbee http://www.bitlbee.org/
21:42:26 jabber_oauth https://accounts.google.com/o/oauth2/auth?scope=https://www.googleapis.com/auth/googletalk&response_type=code&redirect_uri=urn:ietf:wg:oauth:2.0:oob&client_id=783993391592.apps.googleusercontent.com
21:48:40 jabber_oauth https://accounts.google.com/o/oauth2/auth?scope=https://www.googleapis.com/auth/googletalk&response_type=code&redirect_uri=urn:ietf:wg:oauth:2.0:oob&client_id=783993391592.apps.googleusercontent.com
22:17:38 freenode http://www.portlane.com/
22:17:38 freenode http://www.freenode.net
22:17:38 freenode http://www.fosscon.org
22:17:38 freenode https://www.privateinternetaccess.com/
22:17:38 freenode http://blog.freenode.net/2010/11/be-safe-out-there/
22:55:40 znc http://www.team-cymru.org
22:55:40 znc http://www.freenode.net
22:55:40 znc http://www.fosscon.org
22:55:40 znc https://www.privateinternetaccess.com/
22:55:41 znc http://blog.freenode.net/2010/11/be-safe-out-there/
22:56:09 #chakra http://chakraos.org
22:56:09 #chakra http://rsync.chakraos.org
22:56:09 #chakra http://chakraos.org/forum/viewtopic.php?pid=80478#p80478
22:56:09 #chakra http://chakraos.org/forum/viewtopic.php?id=13100
22:56:09 #chakra http://freenode.net/faq.shtml#nicksetup
22:58:40 znc http://www.team-cymru.org
22:58:40 znc http://www.freenode.net
22:58:40 znc http://www.fosscon.org
22:58:40 znc https://www.privateinternetaccess.com/
22:58:40 znc http://blog.freenode.net/2010/11/be-safe-out-there/
22:58:40 #chakra http://chakraos.org
22:58:40 #chakra http://rsync.chakraos.org
22:58:40 #chakra http://chakraos.org/forum/viewtopic.php?pid=80478#p80478
22:58:40 #chakra http://chakraos.org/forum/viewtopic.php?id=13100
23:00:00 znc http://www.hyperfilter.com/
23:00:00 znc http://www.freenode.net
23:00:00 znc http://www.fosscon.org
23:00:00 znc https://www.privateinternetaccess.com/
23:00:00 znc http://blog.freenode.net/2010/11/be-safe-out-there/
23:00:06 #chakra http://chakraos.org
23:00:06 #chakra http://rsync.chakraos.org
23:00:06 #chakra http://chakraos.org/forum/viewtopic.php?pid=80478#p80478
23:00:06 #chakra http://chakraos.org/forum/viewtopic.php?id=13100
23:23:19 znc http://www.bitlbee.org/
23:23:19 znc http://www.bitlbee.org/
23:25:10 znc http://www.bitlbee.org/
23:25:10 znc http://www.bitlbee.org/
23:29:40 znc http://www.bitlbee.org/
23:29:40 znc http://www.bitlbee.org/
23:34:40 znc http://www.bitlbee.org/
23:34:40 znc http://www.bitlbee.org/
23:35:31 bitlbee http://www.bitlbee.org/
23:35:31 bitlbee http://www.bitlbee.org/
23:40:07 znc http://www.hyperfilter.com/
23:40:07 znc http://www.freenode.net
23:40:07 znc http://www.fosscon.org
23:40:07 znc https://www.privateinternetaccess.com/
23:40:07 znc http://blog.freenode.net/2010/11/be-safe-out-there/
23:40:07 #chakra http://chakraos.org
23:40:07 #chakra http://rsync.chakraos.org
23:40:07 #chakra http://chakraos.org/forum/viewtopic.php?pid=80478#p80478
23:40:07 #chakra http://chakraos.org/forum/viewtopic.php?id=13100
23:40:25 bitlbee http://www.bitlbee.org/
23:40:25 bitlbee http://www.bitlbee.org/
00:35:10 bitlbee http://www.bitlbee.org/
00:35:10 bitlbee http://www.bitlbee.org/
13:48:45 znc http://www.hyperfilter.com/
13:48:45 znc http://www.freenode.net
13:48:45 znc http://www.fosscon.org
13:48:45 znc https://www.privateinternetaccess.com/
13:48:45 bitlbee http://www.bitlbee.org/
13:48:45 bitlbee http://www.bitlbee.org/
13:48:45 znc http://blog.freenode.net/2010/11/be-safe-out-there/
13:48:45 #chakra http://chakraos.org
13:48:45 #chakra http://rsync.chakraos.org
13:48:45 #chakra http://chakraos.org/forum/viewtopic.php?pid=80478#p80478
13:48:45 #chakra http://chakraos.org/forum/viewtopic.php?id=13100
13:48:45 #chakra https://groups.google.com/forum/#!topic/chakra-devel/_Mt451GzaOo
13:48:45 #chakra https://docs.google.com/spreadsheets/d/1HHtqLMlgpEYxLrE4gjb8C2JGSK9Q1uzZjqRcNhnL3pk/edit#gid=0
13:48:45 #chakra http://www.techpowerup.com/204166/corsair-officially-announces-vengeance-lpx-and-dominator-platinum-ddr4-memory.html
13:48:45 #chakra https://groups.google.com/forum/#!topic/chakra-devel/_Mt451GzaOo
13:48:45 phil http://m.vice.com/read/the-coming-robot-apocalypse-looks-more-like-spreadsheets-than-killer-drones-815
15:11:06 twitter_bitlbee https://api.twitter.com/oauth/authorize?oauth_token=vBPEuIM7PMSpgaO5KxdoxnVyynXufuR3&oauth_token_secret=6oIfD6NsDWj11rRj7N2IinKdJIUq8ZX4&oauth_callback_confirmed=true
15:11:40 #twitter_bitlbee http://t.co/rntGH6QySa
15:11:40 #twitter_bitlbee http://t.co/pO1va7rNrO
15:11:40 #twitter_bitlbee http://t.co/5StjZlg0oq
15:11:40 #twitter_bitlbee http://t.co/GIVNlXI207
15:11:40 #twitter_bitlbee https://t.co/0P6uBhvOBk
15:46:12 phil https://www.youtube.com/watch?v=7Pq-S557XQU&hd=1
15:47:13 #chakra http://monkeystudio.org
15:49:06 #twitter_bitlbee http://t.co/cs4Nuvund5
22:41:49 znc http://www.hyperfilter.com/
22:41:49 znc http://www.freenode.net
22:41:49 znc http://www.fosscon.org
22:41:49 znc https://www.privateinternetaccess.com/
22:41:49 znc http://blog.freenode.net/2010/11/be-safe-out-there/
22:41:49 #chakra http://chakraos.org
22:41:49 #chakra http://rsync.chakraos.org
22:41:49 #chakra http://chakraos.org/forum/viewtopic.php?pid=80478#p80478
22:41:49 #chakra http://chakraos.org/forum/viewtopic.php?id=13100
22:41:49 bitlbee http://www.bitlbee.org/
22:41:49 bitlbee http://www.bitlbee.org/
13:37:07 znc http://www.hyperfilter.com/
13:37:07 znc http://www.freenode.net
13:37:07 znc http://www.fosscon.org
13:37:07 znc https://www.privateinternetaccess.com/
13:37:07 bitlbee http://www.bitlbee.org/
13:37:07 bitlbee http://www.bitlbee.org/
13:37:07 #twitter_bitlbee https://t.co/G0SZMrATS1
13:37:07 znc http://blog.freenode.net/2010/11/be-safe-out-there/
13:37:07 #chakra http://chakraos.org
13:37:07 #chakra http://rsync.chakraos.org
13:37:07 #chakra http://chakraos.org/forum/viewtopic.php?pid=80478#p80478
13:37:07 #chakra http://chakraos.org/forum/viewtopic.php?id=13100
13:37:07 #chakra http://robert.ocallahan.org/2014/08/choose-firefox-now-or-later-you-wont.html?showComment=1408137721125
13:37:07 #chakra https://groups.google.com/forum/#!topic/chakra-devel/_Mt451GzaOo
13:37:07 #chakra https://lkml.org/lkml/2014/8/12/459
13:37:07 #twitter_bitlbee http://t.co/kuvCffUfGl
13:37:07 #chakra https://github.com/aarnt/octopi/issues/44
16:53:50 znc http://www.hyperfilter.com/
16:53:50 znc http://www.freenode.net
16:53:50 znc http://www.fosscon.org
16:53:50 znc https://www.privateinternetaccess.com/
16:53:50 bitlbee http://www.bitlbee.org/
16:53:50 bitlbee http://www.bitlbee.org/
16:53:50 znc http://blog.freenode.net/2010/11/be-safe-out-there/
16:53:50 #chakra http://chakraos.org
16:53:50 #chakra http://rsync.chakraos.org
16:53:50 #chakra http://chakraos.org/forum/viewtopic.php?pid=80478#p80478
16:53:50 #chakra http://chakraos.org/forum/viewtopic.php?id=13100
16:53:50 #chakra https://groups.google.com/forum/#!topic/chakra-devel/_Mt451GzaOo
17:07:53 znc http://www.hyperfilter.com/
17:07:53 znc http://www.freenode.net
17:07:53 znc http://www.fosscon.org
17:07:53 znc https://www.privateinternetaccess.com/
17:07:53 bitlbee http://www.bitlbee.org/
17:07:53 bitlbee http://www.bitlbee.org/
17:07:53 znc http://blog.freenode.net/2010/11/be-safe-out-there/
17:07:53 #chakra http://chakraos.org
17:07:53 #chakra http://rsync.chakraos.org
17:07:53 #chakra http://chakraos.org/forum/viewtopic.php?pid=80478#p80478
17:07:53 #chakra http://chakraos.org/forum/viewtopic.php?id=13100
17:24:32 znc http://www.hyperfilter.com/
17:24:32 znc http://www.freenode.net
17:24:32 znc http://www.fosscon.org
17:24:32 znc https://www.privateinternetaccess.com/
17:24:32 bitlbee http://www.bitlbee.org/
17:24:32 bitlbee http://www.bitlbee.org/
17:24:32 znc http://blog.freenode.net/2010/11/be-safe-out-there/
17:24:32 #chakra http://chakraos.org
17:24:32 #chakra http://rsync.chakraos.org
17:24:32 #chakra http://chakraos.org/forum/viewtopic.php?pid=80478#p80478
17:24:32 #chakra http://chakraos.org/forum/viewtopic.php?id=13100
17:42:05 znc http://www.hyperfilter.com/
17:42:05 znc http://www.freenode.net
17:42:05 znc http://www.fosscon.org
17:42:05 znc https://www.privateinternetaccess.com/
17:42:05 bitlbee http://www.bitlbee.org/
17:42:05 bitlbee http://www.bitlbee.org/
17:42:05 znc http://blog.freenode.net/2010/11/be-safe-out-there/
17:42:05 #chakra http://chakraos.org
17:42:05 #chakra http://rsync.chakraos.org
17:42:05 #chakra http://chakraos.org/forum/viewtopic.php?pid=80478#p80478
17:42:05 #chakra http://chakraos.org/forum/viewtopic.php?id=13100
17:43:03 znc http://www.hyperfilter.com/
17:43:03 znc http://www.freenode.net
17:43:03 znc http://www.fosscon.org
17:43:03 znc https://www.privateinternetaccess.com/
17:43:03 bitlbee http://www.bitlbee.org/
17:43:03 bitlbee http://www.bitlbee.org/
17:43:03 znc http://blog.freenode.net/2010/11/be-safe-out-there/
17:43:03 #chakra http://chakraos.org
17:43:03 #chakra http://rsync.chakraos.org
17:43:03 #chakra http://chakraos.org/forum/viewtopic.php?pid=80478#p80478
17:43:03 #chakra http://chakraos.org/forum/viewtopic.php?id=13100
17:43:38 znc http://www.hyperfilter.com/
17:43:38 znc http://www.freenode.net
17:43:38 znc http://www.fosscon.org
17:43:38 znc https://www.privateinternetaccess.com/
17:43:38 bitlbee http://www.bitlbee.org/
17:43:38 bitlbee http://www.bitlbee.org/
17:43:38 znc http://blog.freenode.net/2010/11/be-safe-out-there/
17:43:38 #chakra http://chakraos.org
17:43:38 #chakra http://rsync.chakraos.org
17:43:38 #chakra http://chakraos.org/forum/viewtopic.php?pid=80478#p80478
17:43:38 #chakra http://chakraos.org/forum/viewtopic.php?id=13100
17:52:39 #chakra http://us.acer.com/ac/en/US/content/series/aspires7
18:28:38 znc http://www.hyperfilter.com/
18:28:38 znc http://www.freenode.net
18:28:38 znc http://www.fosscon.org
18:28:38 znc https://www.privateinternetaccess.com/
18:28:38 bitlbee http://www.bitlbee.org/
18:28:38 bitlbee http://www.bitlbee.org/
18:28:38 znc http://blog.freenode.net/2010/11/be-safe-out-there/
18:28:38 #chakra http://chakraos.org
18:28:38 #chakra http://rsync.chakraos.org
18:28:38 #chakra http://chakraos.org/forum/viewtopic.php?pid=80478#p80478
18:28:38 #chakra http://chakraos.org/forum/viewtopic.php?id=13100
18:28:38 #chakra https://www.youtube.com/watch?v=hviXL2bha8Q
17:33:49 znc http://www.hyperfilter.com/
17:33:49 znc http://www.freenode.net
17:33:49 znc http://www.fosscon.org
17:33:49 znc https://www.privateinternetaccess.com/
17:33:49 bitlbee http://www.bitlbee.org/
17:33:49 bitlbee http://www.bitlbee.org/
17:33:49 #twitter_bitlbee https://t.co/yyQgHcmIZa
17:33:49 #twitter_bitlbee http://t.co/YFgcNxtZVq
17:33:49 #twitter_bitlbee http://t.co/iVQXZKvzw4
17:33:49 #twitter_bitlbee http://t.co/h4VYADzrcI
17:33:49 #twitter_bitlbee http://t.co/oCVEtlEq1s
17:33:49 znc http://blog.freenode.net/2010/11/be-safe-out-there/
17:33:49 #chakra http://chakraos.org
17:33:49 #chakra http://rsync.chakraos.org
17:33:49 #chakra http://chakraos.org/forum/viewtopic.php?pid=80478#p80478
17:33:49 #chakra http://chakraos.org/forum/viewtopic.php?id=13100"
17:33:49 #chakra http://arstechnica.com/information-technology/2014/08/kde-plasma-5-for-those-linux-users-undecided-on-the-kernels-future/
17:33:50 #twitter_bitlbee http://t.co/GrkAFT4XBf
17:33:50 #twitter_bitlbee http://t.co/wvmR5Q36y8
17:33:50 #twitter_bitlbee http://t.co/kuvCffUfGl
17:33:50 #twitter_bitlbee https://t.co/yyQgHcmIZa
17:33:50 #twitter_bitlbee http://t.co/YFgcNxtZVq
17:33:50 #twitter_bitlbee http://t.co/iVQXZKvzw4
17:33:50 #twitter_bitlbee http://t.co/h4VYADzrcI
17:33:50 #twitter_bitlbee http://t.co/oCVEtlEq1s
17:33:50 #twitter_bitlbee http://t.co/GrkAFT4XBf
17:33:50 #twitter_bitlbee http://t.co/wvmR5Q36y8
17:33:50 #twitter_bitlbee http://t.co/kuvCffUfGl
17:33:50 #twitter_bitlbee https://t.co/yyQgHcmIZa
17:33:50 #twitter_bitlbee http://t.co/YFgcNxtZVq
17:33:50 #twitter_bitlbee http://t.co/iVQXZKvzw4
17:33:50 #twitter_bitlbee http://t.co/h4VYADzrcI
17:33:50 #twitter_bitlbee http://t.co/oCVEtlEq1s
17:33:50 #twitter_bitlbee http://t.co/GrkAFT4XBf
17:33:50 #twitter_bitlbee http://t.co/wvmR5Q36y8
17:33:50 #chakra http://ext4.wordpress.com/2014/08/17/caledonia-1-9-disponible-los-comienzos-en-plasma-5/
17:33:50 #chakra http://kotusworks.wordpress.com/2014/08/17/ardis-0-6-still-beta/
17:33:50 #chakra http://www.w3schools.com/browsers/browsers_os.asp
17:33:50 #chakra https://docs.google.com/file/d/0B-KOnAfO-Ux8bkluQjhBM2FEdFE/edit
20:53:05 znc http://www.hyperfilter.com/
20:53:05 znc http://www.freenode.net
20:53:05 znc http://www.fosscon.org
20:53:05 znc https://www.privateinternetaccess.com/
20:53:05 bitlbee http://www.bitlbee.org/
20:53:05 bitlbee http://www.bitlbee.org/
20:53:05 znc http://blog.freenode.net/2010/11/be-safe-out-there/
20:53:05 #chakra http://chakraos.org
20:53:05 #chakra http://rsync.chakraos.org
20:53:05 #chakra http://chakraos.org/forum/viewtopic.php?pid=80478#p80478
20:53:05 #chakra http://chakraos.org/forum/viewtopic.php?id=13100"
20:57:10 znc http://www.hyperfilter.com/
20:57:10 znc http://www.freenode.net
20:57:10 znc http://www.fosscon.org
20:57:10 znc https://www.privateinternetaccess.com/
20:57:10 znc http://blog.freenode.net/2010/11/be-safe-out-there/
20:57:10 #chakra http://chakraos.org
20:57:10 #chakra http://rsync.chakraos.org
20:57:10 #chakra http://chakraos.org/forum/viewtopic.php?pid=80478#p80478
20:57:10 #chakra http://chakraos.org/forum/viewtopic.php?id=13100"
20:57:17 bitlbee http://www.bitlbee.org/
20:57:17 bitlbee http://www.bitlbee.org/
20:58:05 znc http://www.hyperfilter.com/
20:58:05 znc http://www.freenode.net
20:58:05 znc http://www.fosscon.org
20:58:05 znc https://www.privateinternetaccess.com/
20:58:05 znc http://blog.freenode.net/2010/11/be-safe-out-there/
20:58:05 #chakra http://chakraos.org
20:58:05 #chakra http://rsync.chakraos.org
20:58:05 #chakra http://chakraos.org/forum/viewtopic.php?pid=80478#p80478
20:58:05 #chakra http://chakraos.org/forum/viewtopic.php?id=13100"
20:58:09 bitlbee http://www.bitlbee.org/
20:58:09 bitlbee http://www.bitlbee.org/
21:02:24 znc http://www.hyperfilter.com/
21:02:24 znc http://www.freenode.net
21:02:24 znc http://www.fosscon.org
21:02:24 znc https://www.privateinternetaccess.com/
21:02:24 znc http://blog.freenode.net/2010/11/be-safe-out-there/
21:02:24 #chakra http://chakraos.org
21:02:24 #chakra http://rsync.chakraos.org
21:02:24 #chakra http://chakraos.org/forum/viewtopic.php?pid=80478#p80478
21:02:24 #chakra http://chakraos.org/forum/viewtopic.php?id=13100"
21:02:45 bitlbee http://www.bitlbee.org/
21:02:45 bitlbee http://www.bitlbee.org/
21:05:28 znc http://www.hyperfilter.com/
21:05:28 znc http://www.freenode.net
21:05:28 znc http://www.fosscon.org
21:05:28 znc https://www.privateinternetaccess.com/
21:05:28 znc http://blog.freenode.net/2010/11/be-safe-out-there/
21:05:28 #chakra http://chakraos.org
21:05:28 #chakra http://rsync.chakraos.org
21:05:28 #chakra http://chakraos.org/forum/viewtopic.php?pid=80478#p80478
21:05:28 #chakra http://chakraos.org/forum/viewtopic.php?id=13100"
21:05:35 bitlbee http://www.bitlbee.org/
21:05:35 bitlbee http://www.bitlbee.org/
08:16:05 znc http://www.hyperfilter.com/
08:16:05 znc http://www.freenode.net
08:16:05 znc http://www.fosscon.org
08:16:05 znc https://www.privateinternetaccess.com/
08:16:05 znc http://blog.freenode.net/2010/11/be-safe-out-there/
08:16:05 #chakra http://chakraos.org
08:16:05 #chakra http://rsync.chakraos.org
08:16:05 #chakra http://chakraos.org/forum/viewtopic.php?pid=80478#p80478
08:16:05 #chakra http://chakraos.org/forum/viewtopic.php?id=13100"
08:16:05 #chakra http://chakraos.org/ccr/packages.php?O=0&K=btsync&do_Search=+Go+
08:16:06 bitlbee http://www.bitlbee.org/
08:16:06 bitlbee http://www.bitlbee.org/
22:12:37 bitlbee http://www.bitlbee.org/
22:12:37 bitlbee http://www.bitlbee.org/
22:12:37 znc https://blog.freenode.net/
22:12:37 znc http://www.freenode.net
22:12:37 znc http://www.fosscon.org
22:12:37 znc https://www.privateinternetaccess.com/
22:12:37 #chakra http://chakraos.org
22:12:37 #chakra http://rsync.chakraos.org
22:12:37 #chakra http://chakraos.org/news/index.php?/archives/134-Warning-Manual-intervention-needed-on-your-next-major-update.html
22:12:37 #chakra http://chakraos.org/home/?donate"
22:12:37 #chakra https://i.imgur.com/c9gK6va.png
22:12:37 #chakra https://i.imgur.com/fqdSfRp.png
22:12:37 #chakra http://th00.deviantart.net/fs70/PRE/f/2014/322/c/b/flat_gimp_icon_theme_v_2_1_by_android272-d679s6z.png
22:12:37 #chakra http://www.phoronix.com/scan.php?page=news_item&px=MTg0NDY
22:12:37 #chakra http://www1.la.dell.com/bz/en/corp/peripherals/dell-p2715q-monitor/pd.aspx?refid=dell-p2715q-monitor&cs=bzcorp1&s=corp
22:12:37 #chakra http://screenstudio.crombz.com/
22:12:37 #chakra http://www1.la.dell.com/vc/en/corp/peripherals/dell-p2415q-monitor/pd.aspx?refid=dell-p2415q-monitor&s=corp
22:12:37 #chakra http://developer.sonymobile.com/2014/11/13/android-5-0-xperia-z3-aosp-source-code-and-binaries-now-available/
22:12:37 #chakra http://www.theregister.co.uk/2014/11/04/sgt_l_torvalds_linux_founder_turns_cop_sortof/
22:12:37 #chakra http://steamcommunity.com/games/311340/announcements/detail/252528513507459981%3C--
22:12:37 #chakra http://i.imgur.com/VyZf0Qd.jpg
22:12:37 #chakra http://images.jimms.fi/8/7/115287_800x600_1.jpg
22:12:38 #chakra http://360.here.com/2014/11/20/beating-jams-business-benefits-interview-esri/
22:12:38 #chakra http://i.imgur.com/urX4iZE.png
22:12:38 #chakra http://360.here.com/2014/11/07/android-lollipop-gets-even-sweeter-updated/
22:12:38 #chakra http://www.unixstickers.com/tag/chakra
22:12:38 #chakra https://www.youtube.com/watch?v=-fpswA35o_s
22:12:38 #chakra http://www.theverge.com/2014/11/19/7250513/firefox-signs-yahoo-as-default-search-engine-
22:12:38 #chakra http://www.cracked.com/photoplasty_1178_18-common-foreign-practices-that-would-make-america-better/
22:12:38 #chakra http://www.theverge.com/2014/11/20/7254085/why-mozilla-is-scared-of-google
22:12:38 #chakra http://bit.ly/1zGYi7p
22:12:38 #chakra https://www.youtube.com/watch?v=AZ2LyS6jFB4
22:12:38 #twitter_bitlbee https://t.co/z1guuPYGJl
22:12:38 #twitter_bitlbee http://t.co/ewp1hAQI93
22:12:38 #twitter_bitlbee http://t.co/5YueDEJt6W
22:12:38 #twitter_bitlbee http://t.co/GqR3vyAM6U
22:12:38 #twitter_bitlbee http://t.co/kDJTi7LiMS
22:12:38 #twitter_bitlbee http://t.co/HhMz6jK5Qy
22:12:38 #chakra http://www.thepowerbase.com/2013/05/rekonq-gaining-chrome-extension-support-still-sponsored-by-blue-systems/
22:12:38 #chakra http://chakraos.org/ccr/packages.php?O=0&K=mood&do_Search=+Go+
22:12:38 #chakra http://www.linuxinsider.com/story/81385.html?rss=1
22:12:38 #chakra http://newsroom.intel.com/community/intel_newsroom/blog/2014/11/19/world-s-first-crowdsourced-tablet-launched-today-from-jolla-powered-by-intel
22:12:38 #chakra https://docs.google.com/forms/d/1gCKnFnN_NYHzu5Y6dDnmf25TBw2mAr7TRiyRprz3-Vg
22:12:38 #twitter_bitlbee http://t.co/xv4zAqa33a
22:12:38 #twitter_bitlbee http://t.co/kOcPBJpCNt
22:12:38 #twitter_bitlbee http://t.co/dl7notMXkU
22:12:38 #twitter_bitlbee http://t.co/eTSeHEg20w
22:12:38 #twitter_bitlbee http://t.co/15ocoJqaka
22:12:38 #twitter_bitlbee http://t.co/vMU5qC1aMz
22:12:38 #twitter_bitlbee http://t.co/t7DyV0psuV
22:12:38 #twitter_bitlbee https://t.co/6ucHXp2dXR
22:12:38 #twitter_bitlbee http://t.co/Kb4ZspFPIo
22:12:38 #twitter_bitlbee http://t.co/tW4dtRRL1K
22:12:38 #twitter_bitlbee http://t.co/DpE2LqOvxW
22:12:38 #twitter_bitlbee http://t.co/f5FGQBo43N
22:12:38 #twitter_bitlbee http://t.co/Wz9TWoOqkd
22:12:38 #twitter_bitlbee http://t.co/o8UXI0jW0w
22:12:38 #twitter_bitlbee http://t.co/9a7pBXO4PZ
22:12:38 #twitter_bitlbee http://t.co/hk46V507Pb
22:12:38 #twitter_bitlbee http://t.co/Ff8Bte1NXn
22:12:38 #twitter_bitlbee http://t.co/jKAYxusXa9
22:12:38 #twitter_bitlbee http://t.co/eTSeHEg20w
22:12:38 #twitter_bitlbee http://t.co/15ocoJqaka
22:12:38 #twitter_bitlbee http://t.co/vMU5qC1aMz
22:12:38 #twitter_bitlbee http://t.co/t7DyV0psuV
22:12:38 #twitter_bitlbee https://t.co/6ucHXp2dXR
22:12:38 #twitter_bitlbee http://t.co/Kb4ZspFPIo
22:12:38 #twitter_bitlbee http://t.co/tW4dtRRL1K
22:12:38 #twitter_bitlbee http://t.co/DpE2LqOvxW
22:12:38 #chakra https://www.loomio.org/d/sqwup7OM/ck-kernel-by-default
22:12:38 #chakra http://www.theverge.com/2014/11/21/7256819/adobes-got-photoshop-working-in-chrome-but-its-not-here-yet
22:12:38 #chakra http://www.pocket-lint.com/news/131808-5-reasons-why-sailfish-os-2-0-should-worry-apple-google-and-microsoft
22:12:38 #chakra http://user-prompt.com/please-participate-in-a-survey-about-kdes-download-manager-kget/
22:12:38 #chakra http://www.jollausers.com/2014/11/jolla-tablet-reached-1-million-in-just-37-hours/
22:12:38 #chakra http://shop.jolla.com/eu_en/
22:12:38 #chakra http://i.imgur.com/OI9qaVf.jpg
22:12:38 #chakra http://i.imgur.com/UsdiQXf.jpg
22:12:38 #chakra http://i.imgur.com/gt9Z8eN.jpg
22:12:38 #twitter_bitlbee http://t.co/f5FGQBo43N
22:12:38 #chakra http://developer.sonymobile.com/2014/11/13/android-5-0-xperia-z3-aosp-source-code-and-binaries-now-available/
22:12:38 #chakra https://github.com/sonyxperiadev/
22:12:38 #chakra http://forum.xda-developers.com/xperia-s/s-development/pure-aosp-lollipop-t2940839
22:12:38 #chakra http://i.imgur.com/y4K2MnW.jpg
22:12:38 #chakra http://goo.gl/wfzLTh
22:12:38 #chakra http://www.iflscience.com/brain/watch-neurosurgeon-perform-subdural-hematoma-operation
22:12:38 #chakra https://www.loomio.org/d/UyKTnVvZ/start-to-package-kf5-related-package-in-platform
22:12:38 #chakra https://www.indiegogo.com/projects/sailfishos-individual-developer-support
22:12:38 #chakra https://www.youtube.com/watch?v=umQDc0wPsGg
22:12:38 #chakra http://www.bloomberg.com/news/2014-11-21/samsung-files-complaint-to-block-nvidia-chips-from-u-s-1-.html
22:12:38 #chakra http://linustechtips.com/main/topic/255281-samsung-files-complaint-with-itc-to-block-nvidia-chips-from-us-markets/
22:12:38 #pypa https://packaging.python.org
22:12:38 #pypa https://dpaste.de
22:12:38 #pypa https://github.com/pypa/pip/issues/2124
22:12:38 #pypa https://github.com/pypa/pip/issues/1268#issuecomment-27328306,
22:12:38 #pypa https://bitbucket.org/ned/coveragepy/issue/337/test-failures-on-tip
22:12:38 #pypa http://paste.pound-python.org/show/tb2fMiTBrI770ka4NEBj/
22:12:38 #pypa https://bitbucket.org/pypa/setuptools/src/tip/pkg_resources.py?at=default#cl-2522
22:12:38 #twitter_bitlbee http://t.co/Wz9TWoOqkd
22:12:38 #twitter_bitlbee http://t.co/o8UXI0jW0w
22:12:38 #twitter_bitlbee http://t.co/9a7pBXO4PZ
22:12:38 #twitter_bitlbee http://t.co/hk46V507Pb
22:12:38 #twitter_bitlbee http://t.co/Ff8Bte1NXn
22:12:38 #pypa https://github.com/pypa/pip/issues/2105
22:12:38 #pypa https://bitbucket.org/ned/coveragepy/issue/337/test-failures-on-tip#comment-13653960
22:12:38 #pypa https://github.com/pypa/virtualenv/blob/develop/virtualenv.py#L1563
22:12:38 #pypa https://github.com/pypa/virtualenv/issues/118
22:12:38 #pypa https://pypi.python.org/pypi/$1
22:12:38 #pypa https://github.com/sloria/pypi-cli
22:12:38 #pypa https://bitbucket.org/ned/coveragepy/issue/340/keyerror-subpy#comment-13671053
22:12:38 #pypa https://github.com/pypa/packaging-problems/issues/57
22:12:38 #pypa https://github.com/zeromq/pyzmq/blob/master/setup.py
22:12:38 #pypa https://pypi.python.org/pypi/objgraph
22:12:38 #pypa https://status.python.org/
22:12:38 #pypa https://pypi.python.org/pypi/peep
22:12:38 #pypa https://pip.readthedocs.org/en/1.5.X/reference/pip_install.html#hash-verification
22:12:38 #pypa https://bugs.debian.org/cgi-bin/bugreport.cgi?bug=751827
22:12:38 #pypa https://pip.pypa.io/en/latest/installing.html#install-pip
22:12:38 #pypa https://dpaste.de/rKic
22:12:38 #pypa https://github.com/pypa/pip/issues/2130
22:12:38 #pypa https://git-wip-us.apache.org/repos/asf/libcloud.git@trunk#egg=apache-libcloud
22:12:38 #pypa https://github.com/pypa/pip/issues/1661
22:12:38 #pypa http://pastebin.com/tVFyxMZP
22:12:38 #pypa http://pastebin.com/pFnsKHbN
22:12:38 #pypa http://pastebin.com/eVe82TUn
22:12:38 #pypa http://askubuntu.com/questions/412178/how-to-install-pip-for-python-3-in-ubuntu-12-04-lts
22:12:38 #pypa http://pastebin.com/Wd9vqSt7
22:12:38 #pypa https://github.com/mgedmin/ShoppingList
22:12:38 #pypa https://github.com/mgedmin/ShoppingList/blob/master/Makefile
22:12:38 #pypa https://github.com/spotify/dh-virtualenv
22:12:38 #pypa https://github.com/hynek/structlog/blob/master/setup.py
22:12:38 #pypa http://i.glui.me/1v24Q01
22:12:38 #pypa https://github.com/hynek/structlog/commit/eed09e122528d167fc8cd0a0f3c2e32f2950bd75
22:12:38 #pypa http://chat-logs.dcpython.org/channel/pypa
22:12:38 #pypa http://pastebin.com/RReWSbbE
22:12:38 #pypa http://alexis.notmyidea.org/distutils2/setupcfg.html
22:12:38 #pypa http://pastebin.com/urEge3eM
22:12:38 #pypa http://pastebin.com/NDK4ebPF
22:12:38 #pypa http://www.egenix.com/library/presentations/PyCon-UK-2014-Python-Web-Installer/?
22:12:38 #pypa https://github.com/pypa/pip/issues/2138
22:12:38 #freenode https://freenode.net/faq.shtml
22:12:38 #freenode https://freenode.net/poundfreenode.shtml
22:12:38 #freenode https://blog.freenode.net
22:12:39 #twitter_bitlbee http://t.co/jKAYxusXa9
22:12:39 #twitter_bitlbee http://t.co/eTSeHEg20w
22:12:39 #twitter_bitlbee http://t.co/15ocoJqaka
22:12:39 #twitter_bitlbee http://t.co/vMU5qC1aMz
22:12:39 #twitter_bitlbee http://t.co/t7DyV0psuV
22:12:39 #twitter_bitlbee https://t.co/6ucHXp2dXR
22:12:39 #twitter_bitlbee http://t.co/Kb4ZspFPIo
22:12:39 #freenode http://bitly.com/1nx3K4c
22:12:39 #freenode https://xkcd.com/1357/
22:12:39 #freenode https://freenode.net/poundfreenode.shtml
22:12:39 #freenode https://freenode.net/poundfreenode.shtml
22:12:39 #freenode https://freenode.net/policy.shtml#primarychannels
22:12:39 #freenode https://blog.freenode.net/2008/04/registering-a-channel-on-freenode
22:12:39 #freenode https://www.paidverts.com/ref/Edgaras188
22:12:39 #freenode https://www.paidverts.com/ref/Edgaras188
22:12:39 #freenode https://www.paidverts.com/ref/Edgaras188
22:12:39 znc http://freenode.net/poundfreenode.shtml
22:12:39 znc http://freenode.net/poundfreenode.shtml
22:12:39 znc http://freenode.net/poundfreenode.shtml
22:12:39 znc http://freenode.net/poundfreenode.shtml
22:12:39 znc http://freenode.net/poundfreenode.shtml
22:12:39 znc http://freenode.net/poundfreenode.shtml
22:12:39 znc http://freenode.net/poundfreenode.shtml
22:12:39 znc http://freenode.net/poundfreenode.shtml
22:12:39 znc http://freenode.net/poundfreenode.shtml
22:12:39 znc http://freenode.net/poundfreenode.shtml
22:12:39 #twitter_bitlbee http://t.co/tW4dtRRL1K
22:12:39 #twitter_bitlbee http://t.co/DpE2LqOvxW
22:12:39 #twitter_bitlbee http://t.co/f5FGQBo43N
22:12:39 #twitter_bitlbee http://t.co/Wz9TWoOqkd
22:12:39 #twitter_bitlbee http://t.co/o8UXI0jW0w
22:12:39 #twitter_bitlbee http://t.co/9a7pBXO4PZ
22:12:39 #twitter_bitlbee http://t.co/hk46V507Pb
22:12:39 #twitter_bitlbee http://t.co/Ff8Bte1NXn
22:12:39 #twitter_bitlbee http://t.co/jKAYxusXa9
22:12:39 #twitter_bitlbee http://t.co/aMBgfNR3A9
22:12:39 #twitter_bitlbee http://t.co/vMU5qC1aMz
22:12:39 #twitter_bitlbee http://t.co/t7DyV0psuV
22:12:39 #twitter_bitlbee https://t.co/6ucHXp2dXR
22:12:39 #twitter_bitlbee http://t.co/Kb4ZspFPIo
22:12:39 #twitter_bitlbee http://t.co/tW4dtRRL1K
22:12:39 #twitter_bitlbee http://t.co/DpE2LqOvxW
22:12:39 #twitter_bitlbee http://t.co/f5FGQBo43N
22:12:39 #twitter_bitlbee http://t.co/Wz9TWoOqkd
22:12:39 #twitter_bitlbee http://t.co/o8UXI0jW0w
22:12:39 #twitter_bitlbee http://t.co/9a7pBXO4PZ
22:12:39 #twitter_bitlbee http://t.co/hk46V507Pb
22:12:39 #twitter_bitlbee http://t.co/Ff8Bte1NXn
22:12:39 #twitter_bitlbee http://t.co/jKAYxusXa9
22:12:39 #twitter_bitlbee http://t.co/aMBgfNR3A9
22:12:39 #twitter_bitlbee http://t.co/3qVTCO6Ac5
22:12:39 #twitter_bitlbee http://t.co/6pL0iEbSFQ
22:12:39 #twitter_bitlbee http://t.co/HTEobvlBcM
22:12:39 #twitter_bitlbee http://t.co/9wJaz0mLv0
22:12:39 #twitter_bitlbee https://t.co/hcHYQ5j10A
22:12:39 #twitter_bitlbee http://t.co/QO81R2gW4e
22:12:39 #twitter_bitlbee http://t.co/gS22TDDU2o
22:12:39 #twitter_bitlbee http://t.co/IZieZwwbG8
22:12:39 #twitter_bitlbee http://t.co/ONWGWN6w7F
22:12:39 #twitter_bitlbee http://t.co/tyVstyepwJ
22:12:39 #twitter_bitlbee http://t.co/2xsiBys529
22:12:39 #twitter_bitlbee https://t.co/BOcJXUy6ni
22:12:39 #twitter_bitlbee http://t.co/OgDVQJCiCp
22:12:39 #twitter_bitlbee http://t.co/5iciwuVuRz
22:12:39 #twitter_bitlbee http://t.co/kjTCWwVg1R
22:12:39 #twitter_bitlbee http://t.co/uPOWBNDXPj
22:12:39 #twitter_bitlbee http://t.co/rsN3uh68nO
22:12:39 #twitter_bitlbee http://t.co/BT6gzxGVXQ
22:12:39 #twitter_bitlbee http://t.co/ypz65mlOjT
22:12:39 #twitter_bitlbee http://t.co/w45EFrUN0J
22:12:39 #twitter_bitlbee http://t.co/mzfRqHZSov
22:12:39 #twitter_bitlbee http://t.co/OBiHYgNr3u
22:12:39 #twitter_bitlbee http://t.co/gqkDKgMenJ
22:12:39 #twitter_bitlbee http://t.co/N4s9apbtCm
22:12:39 #twitter_bitlbee http://t.co/SguW3zsaao
22:12:39 #twitter_bitlbee http://t.co/FEY8JFWwkJ
22:12:39 #twitter_bitlbee http://t.co/sVGP1IVtzw
22:12:39 #twitter_bitlbee https://t.co/qcd3DYXPbT
22:12:39 #twitter_bitlbee https://t.co/x3Apmi4KFl
22:12:39 #twitter_bitlbee http://t.co/GvPN5pGI76
22:12:39 #twitter_bitlbee http://t.co/3uVPtEucdZ
22:12:39 #twitter_bitlbee https://t.co/KMAGsrP7bp
22:12:39 #twitter_bitlbee http://t.co/1TKI5pG0ce
22:12:39 #twitter_bitlbee http://t.co/MMWPRTz7EW
22:12:39 #twitter_bitlbee http://t.co/OQ68xap5sk
22:12:39 #twitter_bitlbee http://t.co/tD5JH4Uowm
22:12:39 #twitter_bitlbee http://t.co/xcqpQiUBJm
22:12:39 #twitter_bitlbee http://t.co/MpT3p4KhSj
22:12:39 #twitter_bitlbee http://t.co/apxwnGOADb
22:12:39 #twitter_bitlbee http://t.co/9nquBpzl7T
22:12:39 #twitter_bitlbee http://t.co/t6ydcNLEwN
22:12:39 #twitter_bitlbee http://t.co/Web5EfZfGj
22:12:39 #twitter_bitlbee http://t.co/JH6V3quKqY
22:12:39 #twitter_bitlbee http://t.co/24xxIITJ3n
22:12:39 #twitter_bitlbee http://t.co/MpT3p4KhSj
22:12:39 #twitter_bitlbee http://t.co/apxwnGOADb
22:12:39 #twitter_bitlbee http://t.co/9nquBpzl7T
22:12:39 #twitter_bitlbee http://t.co/t6ydcNLEwN
22:12:39 #twitter_bitlbee http://t.co/Web5EfZfGj
22:12:39 #twitter_bitlbee http://t.co/JH6V3quKqY
22:12:39 #twitter_bitlbee http://t.co/24xxIITJ3n
22:12:39 #twitter_bitlbee http://t.co/XG7Vmqe1ia
22:12:39 #twitter_bitlbee https://t.co/G8gXAMOIGf
22:12:39 #twitter_bitlbee http://t.co/FsGI5KpcsR
22:12:39 #twitter_bitlbee http://t.co/MekfuHfoEx
22:12:39 #twitter_bitlbee http://t.co/DK7x6Bx5Fs
22:12:39 #twitter_bitlbee http://t.co/PbLz4qE9qR
22:12:39 #twitter_bitlbee http://t.co/VOVYKwzMM3
22:12:39 #twitter_bitlbee http://t.co/3YMY2zilOs
22:12:39 #twitter_bitlbee http://t.co/MhT4J3zBaG
22:12:39 #twitter_bitlbee http://t.co/iUDsJvnEvF
22:12:39 #twitter_bitlbee http://t.co/L3PjWO0cOl
22:12:39 #twitter_bitlbee http://t.co/x8dodL1AIo
22:12:39 #twitter_bitlbee http://t.co/ivkmZ1QCcO
22:12:39 #twitter_bitlbee http://t.co/GM4srQwxsZ
22:12:39 #twitter_bitlbee http://t.co/Z4ot6yhu2O
22:12:39 #twitter_bitlbee http://t.co/BEk4Ag0YZg
22:12:39 #twitter_bitlbee http://t.co/pRmLBkDzsO
22:12:39 #twitter_bitlbee http://t.co/kk5pRuUI2I
22:12:39 #twitter_bitlbee http://t.co/G8EvJ0340S
22:12:39 #twitter_bitlbee http://t.co/1tBt8pnMYe
22:12:39 #twitter_bitlbee http://t.co/OlmU9UBjXW
22:12:39 #twitter_bitlbee http://t.co/Wy84nsgVvt
22:12:39 #twitter_bitlbee http://t.co/gkJenFAoVv
22:12:39 #twitter_bitlbee http://t.co/PbLz4qE9qR
22:12:39 #twitter_bitlbee http://t.co/VOVYKwzMM3
22:12:39 #twitter_bitlbee http://t.co/3YMY2zilOs
22:12:39 #twitter_bitlbee http://t.co/MhT4J3zBaG
22:12:39 #twitter_bitlbee http://t.co/iUDsJvnEvF
22:12:39 #twitter_bitlbee http://t.co/L3PjWO0cOl
22:12:39 #twitter_bitlbee http://t.co/x8dodL1AIo
22:12:39 #twitter_bitlbee http://t.co/ivkmZ1QCcO
22:12:39 #twitter_bitlbee http://t.co/GM4srQwxsZ
22:12:39 #twitter_bitlbee http://t.co/Z4ot6yhu2O
22:12:39 #twitter_bitlbee http://t.co/BEk4Ag0YZg
22:12:39 #twitter_bitlbee http://t.co/pRmLBkDzsO
22:12:39 #twitter_bitlbee http://t.co/kk5pRuUI2I
22:12:39 #twitter_bitlbee http://t.co/G8EvJ0340S
22:12:39 #twitter_bitlbee http://t.co/1tBt8pnMYe
22:12:39 #twitter_bitlbee http://t.co/OlmU9UBjXW
22:12:39 #twitter_bitlbee http://t.co/Wy84nsgVvt
22:12:39 #twitter_bitlbee http://t.co/zudndsDbV9
22:12:39 #twitter_bitlbee http://t.co/GVSkfrpG1y
22:12:39 #twitter_bitlbee http://t.co/HG9jg887uo
22:12:39 #twitter_bitlbee http://t.co/FaY6SSzD1L
22:12:39 #twitter_bitlbee http://t.co/3GaZbPbNWE
22:12:39 #twitter_bitlbee http://t.co/1yXDuV66bQ
22:12:39 #twitter_bitlbee http://t.co/9N0QYbiez3
22:12:39 #twitter_bitlbee http://t.co/YvS1qKHGJd
22:12:39 #twitter_bitlbee http://t.co/bzbw6kg1pa
22:12:39 #twitter_bitlbee https://t.co/54g3fW8ucj
22:12:39 #twitter_bitlbee http://t.co/DkRtMtU6cO
22:12:39 #twitter_bitlbee https://t.co/EamCrfq7U2
22:12:39 #twitter_bitlbee http://t.co/PzgfhiOU4C
22:12:39 #twitter_bitlbee https://t.co/HYcKAQGdLZ
22:12:39 #twitter_bitlbee http://t.co/39xAti89pW
22:12:39 #twitter_bitlbee http://t.co/HD1Fzio18E
22:12:39 #twitter_bitlbee http://t.co/mq672CYEgn
22:12:39 #twitter_bitlbee http://t.co/1xNyeINGkG
22:12:39 #twitter_bitlbee https://t.co/LtlyeYdLUy
22:12:39 #twitter_bitlbee http://t.co/wus5v2zT0r
22:12:39 #twitter_bitlbee http://t.co/JpfOaqxEQJ
22:12:39 #twitter_bitlbee http://t.co/fd9cOxAJKH
22:12:39 #twitter_bitlbee http://t.co/YKR6F0n2WI
22:12:39 #twitter_bitlbee http://t.co/k7osucskR1
22:12:39 #twitter_bitlbee http://t.co/veqUEBOlox
22:12:39 #twitter_bitlbee http://t.co/PE3jTa3w1c
22:12:39 #twitter_bitlbee https://t.co/gLJYYMVJVW
22:12:39 #twitter_bitlbee http://t.co/E1jITIebKG
22:12:39 #twitter_bitlbee https://t.co/mK8zRVEP1c
22:12:39 #twitter_bitlbee http://t.co/wGFGSmWJ1U
22:12:39 #twitter_bitlbee http://t.co/17Ft8QZ8JD
22:12:39 #twitter_bitlbee http://t.co/KHjEbaNANN
22:12:39 #twitter_bitlbee http://t.co/mBZE7bgOLl
22:12:39 #twitter_bitlbee http://t.co/MsjNIxUckS
22:12:39 #twitter_bitlbee http://t.co/veqUEBOlox
22:12:39 #twitter_bitlbee http://t.co/PE3jTa3w1c
22:12:39 #twitter_bitlbee https://t.co/gLJYYMVJVW
22:12:39 #twitter_bitlbee http://t.co/E1jITIebKG
22:12:39 #twitter_bitlbee https://t.co/mK8zRVEP1c
22:12:39 #twitter_bitlbee http://t.co/wGFGSmWJ1U
22:12:39 #twitter_bitlbee http://t.co/17Ft8QZ8JD
22:12:39 #twitter_bitlbee http://t.co/KHjEbaNANN
22:12:39 #twitter_bitlbee http://t.co/mBZE7bgOLl
22:12:39 #twitter_bitlbee http://t.co/MsjNIxUckS
22:12:39 #twitter_bitlbee http://t.co/veqUEBOlox
22:12:39 #twitter_bitlbee http://t.co/PE3jTa3w1c
22:12:39 #twitter_bitlbee https://t.co/gLJYYMVJVW
22:12:39 #twitter_bitlbee http://t.co/E1jITIebKG
22:12:39 #twitter_bitlbee https://t.co/mK8zRVEP1c
22:12:39 #twitter_bitlbee http://t.co/wGFGSmWJ1U
22:12:39 #twitter_bitlbee http://t.co/17Ft8QZ8JD
22:12:39 #twitter_bitlbee http://t.co/KHjEbaNANN
22:12:39 #twitter_bitlbee http://t.co/mBZE7bgOLl
22:12:39 #twitter_bitlbee http://t.co/MsjNIxUckS
22:12:39 #twitter_bitlbee http://t.co/veqUEBOlox
22:12:39 #twitter_bitlbee http://t.co/PE3jTa3w1c
22:12:39 #twitter_bitlbee https://t.co/gLJYYMVJVW
22:12:39 #twitter_bitlbee http://t.co/E1jITIebKG
22:12:39 #twitter_bitlbee https://t.co/mK8zRVEP1c
22:12:39 #twitter_bitlbee http://t.co/wGFGSmWJ1U
22:12:39 #twitter_bitlbee http://t.co/17Ft8QZ8JD
22:12:39 #twitter_bitlbee http://t.co/KHjEbaNANN
22:12:39 #twitter_bitlbee http://t.co/mBZE7bgOLl
22:12:39 #twitter_bitlbee http://t.co/MsjNIxUckS
22:12:39 #twitter_bitlbee http://t.co/veqUEBOlox
22:12:39 #twitter_bitlbee http://t.co/PE3jTa3w1c
22:12:39 #twitter_bitlbee https://t.co/gLJYYMVJVW
22:12:39 #twitter_bitlbee http://t.co/E1jITIebKG
22:12:39 #twitter_bitlbee https://t.co/mK8zRVEP1c
22:12:39 #twitter_bitlbee http://t.co/wGFGSmWJ1U
22:12:39 #twitter_bitlbee http://t.co/17Ft8QZ8JD
22:12:39 #twitter_bitlbee http://t.co/KHjEbaNANN
22:12:39 #twitter_bitlbee http://t.co/mBZE7bgOLl
22:12:39 #twitter_bitlbee http://t.co/MsjNIxUckS
22:12:39 #twitter_bitlbee http://t.co/tFJyZNECCQ
22:12:39 #twitter_bitlbee http://t.co/gaouNxJ71X
22:12:39 phil https://www.dropbox.com/s/mf8zfxrluj1qxun/2014-10-26%2009.34.59.jpg?dl=0
22:12:39 phil http://picturesofpeoplescanningqrcodes.tumblr.com/
22:12:39 phil http://m.vice.com/read/katha-pollitt-interview-128
22:12:39 phil https://www.dropbox.com/s/gwvh36txhlg2811/2014-10-31%2008.39.40.jpg?dl=0
22:12:40 rocky http://www.kalzumeus.com/blog/
22:12:40 phil https://www.dropbox.com/s/a412p1y222keebd/2014-11-11%2014.36.46.jpg?dl=0
22:12:40 phil https://www.dropbox.com/s/n8vj02u911jcogk/theham.png?dl=0
22:12:40 phil http://motherboard.vice.com/read/one-day-i-will-die-on-mars
22:21:56 #freenode http://superuser.com/questions/474001/irc-ghost-how-do-i-unghost-and-get-back-my-original-nick
